<?xml version="1.0" encoding="UTF-8"?>
<testng-results skipped="0" failed="0" total="1" passed="1">
  <reporter-output>
  </reporter-output>
  <suite name="Surefire suite" duration-ms="8970" started-at="2020-12-31T06:51:46Z" finished-at="2020-12-31T06:51:55Z">
    <groups>
    </groups>
    <test name="Surefire test" duration-ms="8970" started-at="2020-12-31T06:51:46Z" finished-at="2020-12-31T06:51:55Z">
      <class name="com.TextVerify.FirstTest.TestClass">
        <test-method status="PASS" signature="doBeforeTest()[pri:0, instance:com.TextVerify.FirstTest.TestClass@61a485d2]" name="doBeforeTest" is-config="true" duration-ms="8" started-at="2020-12-31T06:51:46Z" finished-at="2020-12-31T06:51:46Z">
          <reporter-output>
          </reporter-output>
        </test-method> <!-- doBeforeTest -->
        <test-method status="PASS" signature="TestToVerifyTextOnChapter1View()[pri:0, instance:com.TextVerify.FirstTest.TestClass@61a485d2]" name="TestToVerifyTextOnChapter1View" duration-ms="8952" started-at="2020-12-31T06:51:46Z" finished-at="2020-12-31T06:51:55Z">
          <reporter-output>
          </reporter-output>
        </test-method> <!-- TestToVerifyTextOnChapter1View -->
      </class> <!-- com.TextVerify.FirstTest.TestClass -->
    </test> <!-- Surefire test -->
  </suite> <!-- Surefire suite -->
</testng-results>
