<?xml version="1.0" encoding="UTF-8"?>
<testng-results skipped="0" failed="0" total="1" passed="1">
  <reporter-output>
  </reporter-output>
  <suite name="Default suite" duration-ms="60" started-at="2020-12-30T14:42:42Z" finished-at="2020-12-30T14:42:42Z">
    <groups>
    </groups>
    <test name="Default test" duration-ms="60" started-at="2020-12-30T14:42:42Z" finished-at="2020-12-30T14:42:42Z">
      <class name="com.TextVerify.FirstTest.TestClass">
        <test-method status="PASS" signature="sum()[pri:0, instance:com.TextVerify.FirstTest.TestClass@5ae9a829]" name="sum" duration-ms="29" started-at="2020-12-30T14:42:42Z" finished-at="2020-12-30T14:42:42Z">
          <reporter-output>
          </reporter-output>
        </test-method> <!-- sum -->
      </class> <!-- com.TextVerify.FirstTest.TestClass -->
    </test> <!-- Default test -->
  </suite> <!-- Default suite -->
</testng-results>
